<?xml version="1.0" encoding="UTF-8"?>
<testng-results skipped="0" failed="1" ignored="0" total="4" passed="3">
  <reporter-output>
  </reporter-output>
  <suite name="Default suite" duration-ms="7570" started-at="2022-07-23T02:59:00Z" finished-at="2022-07-23T02:59:07Z">
    <groups>
    </groups>
    <test name="Default test" duration-ms="7570" started-at="2022-07-23T02:59:00Z" finished-at="2022-07-23T02:59:07Z">
      <class name="testCases.deleteproduct">
        <test-method status="PASS" signature="createNewProduct()[pri:0, instance:testCases.deleteproduct@5b0abc94]" name="createNewProduct" duration-ms="3346" started-at="2022-07-23T02:59:00Z" finished-at="2022-07-23T02:59:03Z">
          <reporter-output>
          </reporter-output>
        </test-method> <!-- createNewProduct -->
        <test-method status="PASS" signature="readAllProduct()[pri:1, instance:testCases.deleteproduct@5b0abc94]" name="readAllProduct" duration-ms="1905" started-at="2022-07-23T02:59:03Z" finished-at="2022-07-23T02:59:05Z">
          <reporter-output>
          </reporter-output>
        </test-method> <!-- readAllProduct -->
        <test-method status="PASS" signature="deleteProduct()[pri:2, instance:testCases.deleteproduct@5b0abc94]" name="deleteProduct" duration-ms="1035" started-at="2022-07-23T02:59:05Z" finished-at="2022-07-23T02:59:06Z">
          <reporter-output>
          </reporter-output>
        </test-method> <!-- deleteProduct -->
        <test-method status="FAIL" signature="readDeleteProduct()[pri:3, instance:testCases.deleteproduct@5b0abc94]" name="readDeleteProduct" duration-ms="1204" started-at="2022-07-23T02:59:06Z" finished-at="2022-07-23T02:59:07Z">
          <exception class="java.lang.AssertionError">
            <message>
              <![CDATA[The following asserts failed:
Product messages are not matching! expected [Product does not exist.] but found [null]]]>
            </message>
            <full-stacktrace>
              <![CDATA[java.lang.AssertionError: The following asserts failed:
Product messages are not matching! expected [Product does not exist.] but found [null]
at org.testng.asserts.SoftAssert.assertAll(SoftAssert.java:43)
at testCases.deleteproduct.readDeleteProduct(deleteproduct.java:194)
at sun.reflect.NativeMethodAccessorImpl.invoke0(Native Method)
at sun.reflect.NativeMethodAccessorImpl.invoke(NativeMethodAccessorImpl.java:62)
at sun.reflect.DelegatingMethodAccessorImpl.invoke(DelegatingMethodAccessorImpl.java:43)
at java.lang.reflect.Method.invoke(Method.java:498)
at org.testng.internal.MethodInvocationHelper.invokeMethod(MethodInvocationHelper.java:124)
at org.testng.internal.Invoker.invokeMethod(Invoker.java:583)
at org.testng.internal.Invoker.invokeTestMethod(Invoker.java:719)
at org.testng.internal.Invoker.invokeTestMethods(Invoker.java:989)
at org.testng.internal.TestMethodWorker.invokeTestMethods(TestMethodWorker.java:125)
at org.testng.internal.TestMethodWorker.run(TestMethodWorker.java:109)
at org.testng.TestRunner.privateRun(TestRunner.java:648)
at org.testng.TestRunner.run(TestRunner.java:505)
at org.testng.SuiteRunner.runTest(SuiteRunner.java:455)
at org.testng.SuiteRunner.runSequentially(SuiteRunner.java:450)
at org.testng.SuiteRunner.privateRun(SuiteRunner.java:415)
at org.testng.SuiteRunner.run(SuiteRunner.java:364)
at org.testng.SuiteRunnerWorker.runSuite(SuiteRunnerWorker.java:52)
at org.testng.SuiteRunnerWorker.run(SuiteRunnerWorker.java:84)
at org.testng.TestNG.runSuitesSequentially(TestNG.java:1208)
at org.testng.TestNG.runSuitesLocally(TestNG.java:1137)
at org.testng.TestNG.runSuites(TestNG.java:1049)
at org.testng.TestNG.run(TestNG.java:1017)
at org.testng.remote.AbstractRemoteTestNG.run(AbstractRemoteTestNG.java:115)
at org.testng.remote.RemoteTestNG.initAndRun(RemoteTestNG.java:251)
at org.testng.remote.RemoteTestNG.main(RemoteTestNG.java:77)
]]>
            </full-stacktrace>
          </exception> <!-- java.lang.AssertionError -->
          <reporter-output>
          </reporter-output>
        </test-method> <!-- readDeleteProduct -->
      </class> <!-- testCases.deleteproduct -->
    </test> <!-- Default test -->
  </suite> <!-- Default suite -->
</testng-results>
