<?xml version="1.0" encoding="UTF-8"?>
<!-- Generated by org.testng.reporters.JUnitReportReporter -->
<testsuite skipped="0" hostname="DESKTOP-UD53A8A" name="testCases.CreateNewProduct" tests="3" failures="1" timestamp="23 Jul 2022 02:37:24 GMT" time="6.439" errors="0">
  <testcase name="createNewProduct" time="3.534" classname="testCases.CreateNewProduct"/>
  <testcase name="readAllProduct" time="1.847" classname="testCases.CreateNewProduct"/>
  <testcase name="readOneProduct" time="1.058" classname="testCases.CreateNewProduct">
    <failure type="java.lang.AssertionError" message="The following asserts failed:
	Status codes are not matching! expected [200] but found [404],
	Product Id are not matching! expected [firstproductId] but found [null],
	Product names are not matching! expected [Shila&#039;s Amazing Pillow 2.0] but found [null],
	Product prices are not matching! expected [599] but found [null]">
      <![CDATA[java.lang.AssertionError: The following asserts failed:
Status codes are not matching! expected [200] but found [404],
Product Id are not matching! expected [firstproductId] but found [null],
Product names are not matching! expected [Shila's Amazing Pillow 2.0] but found [null],
Product prices are not matching! expected [599] but found [null]
at org.testng.asserts.SoftAssert.assertAll(SoftAssert.java:43)
at testCases.CreateNewProduct.readOneProduct(CreateNewProduct.java:183)
at sun.reflect.NativeMethodAccessorImpl.invoke0(Native Method)
at sun.reflect.NativeMethodAccessorImpl.invoke(NativeMethodAccessorImpl.java:62)
at sun.reflect.DelegatingMethodAccessorImpl.invoke(DelegatingMethodAccessorImpl.java:43)
at java.lang.reflect.Method.invoke(Method.java:498)
at org.testng.internal.MethodInvocationHelper.invokeMethod(MethodInvocationHelper.java:124)
at org.testng.internal.Invoker.invokeMethod(Invoker.java:583)
at org.testng.internal.Invoker.invokeTestMethod(Invoker.java:719)
at org.testng.internal.Invoker.invokeTestMethods(Invoker.java:989)
at org.testng.internal.TestMethodWorker.invokeTestMethods(TestMethodWorker.java:125)
at org.testng.internal.TestMethodWorker.run(TestMethodWorker.java:109)
at org.testng.TestRunner.privateRun(TestRunner.java:648)
at org.testng.TestRunner.run(TestRunner.java:505)
at org.testng.SuiteRunner.runTest(SuiteRunner.java:455)
at org.testng.SuiteRunner.runSequentially(SuiteRunner.java:450)
at org.testng.SuiteRunner.privateRun(SuiteRunner.java:415)
at org.testng.SuiteRunner.run(SuiteRunner.java:364)
at org.testng.SuiteRunnerWorker.runSuite(SuiteRunnerWorker.java:52)
at org.testng.SuiteRunnerWorker.run(SuiteRunnerWorker.java:84)
at org.testng.TestNG.runSuitesSequentially(TestNG.java:1208)
at org.testng.TestNG.runSuitesLocally(TestNG.java:1137)
at org.testng.TestNG.runSuites(TestNG.java:1049)
at org.testng.TestNG.run(TestNG.java:1017)
at org.testng.remote.AbstractRemoteTestNG.run(AbstractRemoteTestNG.java:115)
at org.testng.remote.RemoteTestNG.initAndRun(RemoteTestNG.java:251)
at org.testng.remote.RemoteTestNG.main(RemoteTestNG.java:77)
]]>
    </failure>
  </testcase> <!-- readOneProduct -->
</testsuite> <!-- testCases.CreateNewProduct -->
